[2026-05-12 08:00:00.123] INFO: Чайник включен в розетку. Напряжение 220В.
[2026-05-12 08:00:02.456] INFO: Уровень воды: 1.5 л (максимум 1.7 л). Температура воды: 18.2°C.
[2026-05-12 08:00:05.789] INFO: Нажата кнопка "Кипячение". Таймер установлен на 5 минут.
[2026-05-12 08:00:07.012] INFO: Включен ТЭН (мощность 2200 Вт). Ток: 10 А.
[2026-05-12 08:00:09.234] INFO: Температура воды: 20.1°C. Нагрев 0.9°C/сек.
[2026-05-12 08:00:11.456] INFO: Температура воды: 22.3°C.
[2026-05-12 08:00:13.678] INFO: Температура воды: 24.5°C.
[2026-05-12 08:00:15.901] INFO: Температура воды: 26.8°C.
[2026-05-12 08:00:18.123] INFO: Температура воды: 29.0°C.
[2026-05-12 08:00:20.345] INFO: Температура воды: 31.2°C.
[2026-05-12 08:00:22.567] INFO: Температура воды: 33.5°C.
[2026-05-12 08:00:24.789] INFO: Температура воды: 35.7°C.
[2026-05-12 08:00:27.011] INFO: Температура воды: 37.9°C.
[2026-05-12 08:00:29.233] INFO: Температура воды: 40.2°C.
[2026-05-12 08:00:31.455] INFO: Температура воды: 42.4°C.
[2026-05-12 08:00:33.677] INFO: Температура воды: 44.6°C.
[2026-05-12 08:00:35.899] WARNING: Датчик температуры крышки показывает отклонение +1.2°C от основного.
[2026-05-12 08:00:38.121] INFO: Температура воды: 46.9°C.
[2026-05-12 08:00:40.343] INFO: Температура воды: 49.1°C.
[2026-05-12 08:00:42.565] INFO: Температура воды: 51.3°C.
[2026-05-12 08:00:44.787] INFO: Температура воды: 53.6°C.
[2026-05-12 08:00:47.009] INFO: Температура воды: 55.8°C.
[2026-05-12 08:00:49.231] INFO: Температура воды: 58.0°C.
[2026-05-12 08:00:51.453] INFO: Температура воды: 60.3°C.
[2026-05-12 08:00:53.675] INFO: Температура воды: 62.5°C.
[2026-05-12 08:00:55.897] INFO: Температура воды: 64.7°C.
[2026-05-12 08:00:58.119] INFO: Температура воды: 67.0°C.
[2026-05-12 08:01:00.341] INFO: Температура воды: 69.2°C.
[2026-05-12 08:01:02.563] INFO: Температура воды: 71.4°C.
[2026-05-12 08:01:04.785] INFO: Температура воды: 73.7°C.
[2026-05-12 08:01:07.007] INFO: Потребляемая мощность стабильна: 2198 Вт.
[2026-05-12 08:01:09.229] INFO: Температура воды: 75.9°C.
[2026-05-12 08:01:11.451] INFO: Температура воды: 78.1°C.
[2026-05-12 08:01:13.673] INFO: Температура воды: 80.4°C.
[2026-05-12 08:01:15.895] INFO: Температура воды: 82.6°C.
[2026-05-12 08:01:18.117] INFO: Температура воды: 84.8°C.
[2026-05-12 08:01:20.339] INFO: Температура воды: 87.1°C.
[2026-05-12 08:01:22.561] INFO: Температура воды: 89.3°C.
[2026-05-12 08:01:24.783] INFO: Температура воды: 91.5°C.
[2026-05-12 08:01:27.005] INFO: Обнаружено образование мелких пузырьков (предкипание).
[2026-05-12 08:01:29.227] INFO: Температура воды: 93.8°C.
[2026-05-12 08:01:31.449] INFO: Температура воды: 96.0°C.
[2026-05-12 08:01:33.671] INFO: Температура воды: 98.2°C.
[2026-05-12 08:01:35.893] INFO: Температура воды: 99.5°C.
[2026-05-12 08:01:38.115] INFO: Вода закипела! Температура 100.1°C. Пар интенсивный.
[2026-05-12 08:01:40.337] INFO: Автоматическое отключение по срабатыванию термореле (пар).
[2026-05-12 08:01:42.559] INFO: ТЭН выключен. Ток: 0 А.
[2026-05-12 08:01:44.781] INFO: Таймер работы ТЭНа: 1 мин 37 сек. Энергопотребление: ~3.56 кДж.
[2026-05-12 08:01:47.003] INFO: Часы работы чайника: 124 часа (с момента последнего сброса).
[2026-05-12 08:01:49.225] INFO: Температура воды после кипения: 99.8°C, остывает.
[2026-05-12 08:01:51.447] INFO: Крышка открыта пользователем. Осторожно, пар!
[2026-05-12 08:01:53.669] WARNING: Датчик уровня воды показывает 1.48 л (незначительное испарение).
[2026-05-12 08:01:55.891] INFO: Крышка закрыта.
[2026-05-12 08:02:00.113] INFO: Температура воды: 95.2°C.
[2026-05-12 08:02:05.335] INFO: Температура воды: 90.1°C.
[2026-05-12 08:02:10.557] INFO: Нажата кнопка "Подогрев" (60°C).
[2026-05-12 08:02:12.779] INFO: Включен подогрев (500 Вт). Ток: 2.27 А.
[2026-05-12 08:02:15.001] INFO: Температура воды: 85.3°C. Целевая 60°C, нагрев не требуется.
[2026-05-12 08:02:17.223] INFO: Подогрев отключен, температура выше целевой.
[2026-05-12 08:02:22.445] INFO: Температура воды: 80.2°C.
[2026-05-12 08:02:27.667] INFO: Температура воды: 75.6°C.
[2026-05-12 08:02:32.889] INFO: Температура воды: 71.3°C.
[2026-05-12 08:02:38.111] INFO: Температура воды: 67.4°C.
[2026-05-12 08:02:43.333] INFO: Температура воды: 64.0°C.
[2026-05-12 08:02:48.555] INFO: Температура воды: 61.2°C.
[2026-05-12 08:02:53.777] INFO: Температура воды: 59.0°C. Включен подогрев.
[2026-05-12 08:02:55.999] INFO: Температура воды: 60.1°C. Подогрев стабилизирован.
[2026-05-12 08:03:00.221] INFO: Пользователь выключил подогрев.
[2026-05-12 08:03:02.443] INFO: Вода слита. Уровень: 0.1 л.
[2026-05-12 08:03:05.665] INFO: Залита новая вода: 1.6 л. Температура: 22.3°C.
[2026-05-12 08:03:10.887] INFO: Режим "Зеленый чай" (80°C) активирован.
[2026-05-12 08:03:13.109] INFO: ТЭН включен (1600 Вт нагрев до 80°C).
[2026-05-12 08:03:15.331] INFO: Температура воды: 24.8°C.
[2026-05-12 08:03:17.553] INFO: Температура воды: 27.9°C.
[2026-05-12 08:03:19.775] INFO: Температура воды: 31.0°C.
[2026-05-12 08:03:21.997] INFO: Температура воды: 34.2°C.
[2026-05-12 08:03:24.219] INFO: Температура воды: 37.3°C.
[2026-05-12 08:03:26.441] INFO: Температура воды: 40.5°C.
[2026-05-12 08:03:28.663] INFO: Температура воды: 43.6°C.
[2026-05-12 08:03:30.885] INFO: Температура воды: 46.8°C.
[2026-05-12 08:03:33.107] INFO: Температура воды: 49.9°C.
[2026-05-12 08:03:35.329] INFO: Температура воды: 53.0°C.
[2026-05-12 08:03:37.551] INFO: Температура воды: 56.2°C.
[2026-05-12 08:03:39.773] INFO: Температура воды: 59.3°C.
[2026-05-12 08:03:41.995] INFO: Температура воды: 62.5°C.
[2026-05-12 08:03:44.217] INFO: Температура воды: 65.6°C.
[2026-05-12 08:03:46.439] INFO: Температура воды: 68.8°C.
[2026-05-12 08:03:48.661] INFO: Температура воды: 71.9°C.
[2026-05-12 08:03:50.883] INFO: Температура воды: 75.0°C.
[2026-05-12 08:03:53.105] INFO: Температура воды: 78.2°C.
[2026-05-12 08:03:55.327] INFO: Температура воды: 80.1°C. Цель достигнута.
[2026-05-12 08:03:57.549] INFO: ТЭН выключен. Звуковой сигнал "готово".
[2026-05-12 08:04:00.771] INFO: Пользователь налил чай. Уровень воды: 1.2 л.
[2026-05-12 08:04:05.993] INFO: Чайник переведен в режим ожидания (standby).
[2026-05-12 08:04:10.215] ERROR: Сбой связи с датчиком температуры дна. Код ошибки E-102.
[2026-05-12 08:04:12.437] ERROR: Повторная попытка чтения датчика не удалась. Использую резервный алгоритм.
[2026-05-12 08:04:14.659] WARNING: Примерная температура по мощности: ~45°C. Требуется калибровка.
[2026-05-12 08:04:16.881] INFO: Автоматический сброс датчика выполнен.
[2026-05-12 08:04:19.103] INFO: Датчик температуры дна восстановлен. Показания: 44.8°C.
[2026-05-12 08:04:21.325] INFO: Запущена процедура самотестирования.
[2026-05-12 08:04:23.547] INFO: Проверка ТЭНа: сопротивление 20 Ом, утечка 0.1 мА - OK.
[2026-05-12 08:04:25.769] INFO: Проверка термостата: нормально.
[2026-05-12 08:04:27.991] INFO: Проверка подсветки: LED индикатор работает.
[2026-05-12 08:04:30.213] INFO: Самотестирование пройдено успешно.
[2026-05-12 08:04:35.435] INFO: Режим энергосбережения активен. Отключить через приложение.
[2026-05-12 08:04:40.657] INFO: Получена команда по Wi-Fi: "Запланировать кипячение на 08:30".
[2026-05-12 08:04:45.879] INFO: Установлен таймер отложенного старта на 08:30:00.
[2026-05-12 08:05:00.000] INFO: Таймер сработал. Запуск кипячения.
[2026-05-12 08:05:02.222] INFO: Уровень воды: 1.6 л. Температура: 22.7°C.
[2026-05-12 08:05:04.444] INFO: Включен ТЭН. Мощность 2200 Вт.
[2026-05-12 08:05:06.666] INFO: Температура: 24.5°C.
[2026-05-12 08:05:08.888] INFO: Температура: 26.9°C.
[2026-05-12 08:05:11.110] INFO: Температура: 29.3°C.
[2026-05-12 08:05:13.332] INFO: Температура: 31.7°C.
[2026-05-12 08:05:15.554] INFO: Температура: 34.1°C.
[2026-05-12 08:05:17.776] INFO: Температура: 36.5°C.
[2026-05-12 08:05:19.998] INFO: Температура: 39.0°C.
[2026-05-12 08:05:22.220] INFO: Температура: 41.4°C.
[2026-05-12 08:05:24.442] INFO: Температура: 43.8°C.
[2026-05-12 08:05:26.664] INFO: Температура: 46.2°C.
[2026-05-12 08:05:28.886] INFO: Температура: 48.6°C.
[2026-05-12 08:05:31.108] INFO: Температура: 51.0°C.
[2026-05-12 08:05:33.330] INFO: Температура: 53.5°C.
[2026-05-12 08:05:35.552] INFO: Температура: 55.9°C.
[2026-05-12 08:05:37.774] INFO: Температура: 58.3°C.
[2026-05-12 08:05:39.996] INFO: Температура: 60.7°C.
[2026-05-12 08:05:42.218] INFO: Температура: 63.1°C.
[2026-05-12 08:05:44.440] INFO: Температура: 65.5°C.
[2026-05-12 08:05:46.662] INFO: Температура: 68.0°C.
[2026-05-12 08:05:48.884] INFO: Температура: 70.4°C.
[2026-05-12 08:05:51.106] INFO: Температура: 72.8°C.
[2026-05-12 08:05:53.328] INFO: Температура: 75.2°C.
[2026-05-12 08:05:55.550] INFO: Температура: 77.6°C.
[2026-05-12 08:05:57.772] INFO: Температура: 80.0°C.
[2026-05-12 08:05:59.994] INFO: Температура: 82.5°C.
[2026-05-12 08:06:02.216] INFO: Температура: 84.9°C.
[2026-05-12 08:06:04.438] INFO: Температура: 87.3°C.
[2026-05-12 08:06:06.660] INFO: Температура: 89.7°C.
[2026-05-12 08:06:08.882] INFO: Температура: 92.1°C.
[2026-05-12 08:06:11.104] INFO: Температура: 94.5°C.
[2026-05-12 08:06:13.326] INFO: Температура: 97.0°C.
[2026-05-12 08:06:15.548] INFO: Температура: 99.2°C.
[2026-05-12 08:06:17.770] INFO: Кипение при 100.0°C. Автоотключение.
[2026-05-12 08:06:19.992] INFO: ТЭН выключен. Подано 1.2 кВт*ч за сессию.
[2026-05-12 08:06:22.214] INFO: Включен режим "Очистка от накипи". Рекомендация: провести через 10 циклов.
[2026-05-12 08:06:24.436] INFO: Текущее количество циклов с последней очистки: 25 (превышение нормы).
[2026-05-12 08:06:26.658] WARNING: Накипь на ТЭНе: сопротивление увеличено на 8%.
[2026-05-12 08:06:28.880] INFO: Пользователь запустил режим очистки. Залита вода + лимонная кислота.
[2026-05-12 08:06:31.102] INFO: Нагрев до 70°C для очистки.
[2026-05-12 08:06:33.324] INFO: Температура: 25°C → 35°C.
[2026-05-12 08:06:35.546] INFO: Температура: 45°C.
[2026-05-12 08:06:37.768] INFO: Температура: 55°C.
[2026-05-12 08:06:39.990] INFO: Температура: 65°C.
[2026-05-12 08:06:42.212] INFO: Достигнуто 70°C. Выдержка 10 минут.
[2026-05-12 08:06:44.434] INFO: Очистка: пузырьки CO2 от реакции с накипью.
[2026-05-12 08:06:46.656] INFO: Очистка: растворение известкового слоя.
[2026-05-12 08:06:48.878] INFO: Очистка: остаточная жёсткость снижается.
[2026-05-12 08:06:51.100] INFO: Очистка завершена. Рекомендуется прополоскать 2 раза.
[2026-05-12 08:06:53.322] INFO: Вода слита. Запущено полоскание.
[2026-05-12 08:06:55.544] INFO: Налита чистая вода, кипячение 3 мин для удаления кислоты.
[2026-05-12 08:06:57.766] INFO: Кипячение... (этап прополаскивания)
[2026-05-12 08:07:00.000] INFO: Прополаскивание окончено. Чайник чист.
[2026-05-12 08:07:05.222] INFO: Вернулся в обычный режим.
[2026-05-12 08:07:10.444] INFO: Пользователь установил чайник на базу без воды.
[2026-05-12 08:07:12.666] ERROR: Ошибка "сухой старт" (Dry boil protection). ТЭН не включён.
[2026-05-12 08:07:14.888] WARNING: Перед включением необходимо залить воду выше минимума (0.5 л).
[2026-05-12 08:07:17.110] INFO: Залито 0.8 л воды. Ошибка сброшена.
[2026-05-12 08:07:19.332] INFO: Повторное включение. Температура воды: 25.1°C.
[2026-05-12 08:07:21.554] INFO: ТЭН включён.
[2026-05-12 08:07:23.776] INFO: Температура: 27.4°C.
[2026-05-12 08:07:25.998] INFO: Температура: 29.9°C.
[2026-05-12 08:07:28.220] INFO: Температура: 32.4°C.
[2026-05-12 08:07:30.442] INFO: Температура: 34.9°C.
[2026-05-12 08:07:32.664] INFO: Температура: 37.4°C.
[2026-05-12 08:07:34.886] INFO: Температура: 39.9°C.
[2026-05-12 08:07:37.108] INFO: Температура: 42.4°C.
[2026-05-12 08:07:39.330] INFO: Температура: 44.9°C.
[2026-05-12 08:07:41.552] INFO: Температура: 47.4°C.
[2026-05-12 08:07:43.774] INFO: Температура: 49.9°C.
[2026-05-12 08:07:45.996] INFO: Температура: 52.4°C.
[2026-05-12 08:07:48.218] INFO: Температура: 54.9°C.
[2026-05-12 08:07:50.440] INFO: Температура: 57.4°C.
[2026-05-12 08:07:52.662] INFO: Температура: 59.9°C.
[2026-05-12 08:07:54.884] INFO: Температура: 62.4°C.
[2026-05-12 08:07:57.106] INFO: Температура: 64.9°C.
[2026-05-12 08:07:59.328] INFO: Температура: 67.4°C.
[2026-05-12 08:08:01.550] INFO: Температура: 69.9°C.
[2026-05-12 08:08:03.772] INFO: Температура: 72.4°C.
[2026-05-12 08:08:05.994] INFO: Температура: 74.9°C.
[2026-05-12 08:08:08.216] INFO: Температура: 77.4°C.
[2026-05-12 08:08:10.438] INFO: Температура: 79.9°C.
[2026-05-12 08:08:12.660] INFO: Температура: 82.4°C.
[2026-05-12 08:08:14.882] INFO: Температура: 84.9°C.
[2026-05-12 08:08:17.104] INFO: Температура: 87.4°C.
[2026-05-12 08:08:19.326] INFO: Температура: 89.9°C.
[2026-05-12 08:08:21.548] INFO: Температура: 92.4°C.
[2026-05-12 08:08:23.770] INFO: Температура: 94.9°C.
[2026-05-12 08:08:25.992] INFO: Температура: 97.4°C.
[2026-05-12 08:08:28.214] INFO: Температура: 99.9°C.
[2026-05-12 08:08:30.436] INFO: Кипение. Автоматическое отключение.
[2026-05-12 08:08:32.658] INFO: Сеанс завершён. Общее время работы ТЭНа сегодня: 12 мин 44 с.
[2026-05-12 08:08:34.880] INFO: Прошивка версии v2.3.1. Следующее обновление через 3 дня.
[2026-05-12 08:08:37.102] INFO: Передача телеметрии на сервер (температура, кол-во циклов).
[2026-05-12 08:08:39.324] INFO: Ответ сервера: OK. Рекомендаций нет.
[2026-05-12 08:08:41.546] INFO: Входящий звонок на смарт-чайник (функция голосового оповещения) игнорируется.
[2026-05-12 08:08:43.768] INFO: Режим "Тихий" активирован (отключены звуковые сигналы).
[2026-05-12 08:08:45.990] INFO: Нажата кнопка на корпусе: "Удержание температуры 85°C".
[2026-05-12 08:08:48.212] INFO: Уровень воды 0.9 л. Температура 98.2°C (остывает).
[2026-05-12 08:08:50.434] INFO: Ожидание остывания до 85°C...
[2026-05-12 08:08:55.656] INFO: Температура: 93.1°C.
[2026-05-12 08:09:00.878] INFO: Температура: 88.4°C.
[2026-05-12 08:09:06.100] INFO: Температура: 85.1°C. Включен подогрев (300 Вт).
[2026-05-12 08:09:08.322] INFO: Поддержание 85°C. ШИМ 30%.
[2026-05-12 08:09:10.544] INFO: Температура стабильна: 85.0±0.3°C.
[2026-05-12 08:09:15.766] INFO: Пользователь отключил удержание.
[2026-05-12 08:09:17.988] INFO: Чайник готов к работе.
[2026-05-12 08:09:22.210] INFO: Обнаружена проблема с Wi-Fi: потеря пакетов 15%. Повторное подключение.
[2026-05-12 08:09:24.432] INFO: Подключено к сети "HomeWiFi". IP: 192.168.1.107.
[2026-05-12 08:09:26.654] INFO: Синхронизация времени с NTP: 2026-05-12 08:09:26.
[2026-05-12 08:09:28.876] INFO: Загружено новое расписание: будни 07:00, выходные 09:30.
[2026-05-12 08:09:31.098] INFO: Лог-файл ротация: старый лог архив, новый начат.
[2026-05-12 08:09:33.320] INFO: Всего записей в текущем логе: 500 (как запрошено тестирование парсинга).
[2026-05-12 08:09:35.542] INFO: Чайник переходит в спящий режим через 10 секунд неактивности.
[2026-05-12 08:09:37.764] INFO: Спящий режим. Потребление 0.5 Вт.
[2026-05-12 08:09:39.986] INFO: (Конец лога. Строка сгенерирована для заполнения до 500.)